{"D:\\MICROVERSE\\module-2\\test-Yas\\To-Do-List\\src\\modules\\status.js": {"path":"D:\\MICROVERSE\\module-2\\test-Yas\\To-Do-List\\src\\modules\\status.js","statementMap":{"0":{"start":{"line":2,"column":2},"end":{"line":2,"column":66}},"1":{"start":{"line":6,"column":2},"end":{"line":10,"column":5}},"2":{"start":{"line":7,"column":4},"end":{"line":9,"column":5}},"3":{"start":{"line":8,"column":6},"end":{"line":8,"column":43}},"4":{"start":{"line":11,"column":2},"end":{"line":11,"column":18}},"5":{"start":{"line":15,"column":2},"end":{"line":19,"column":5}},"6":{"start":{"line":20,"column":2},"end":{"line":20,"column":48}},"7":{"start":{"line":21,"column":2},"end":{"line":21,"column":18}},"8":{"start":{"line":25,"column":10},"end":{"line":25,"column":11}},"9":{"start":{"line":26,"column":2},"end":{"line":29,"column":5}},"10":{"start":{"line":27,"column":4},"end":{"line":27,"column":19}},"11":{"start":{"line":28,"column":4},"end":{"line":28,"column":11}},"12":{"start":{"line":33,"column":2},"end":{"line":33,"column":59}},"13":{"start":{"line":33,"column":31},"end":{"line":33,"column":57}},"14":{"start":{"line":34,"column":2},"end":{"line":34,"column":20}},"15":{"start":{"line":35,"column":2},"end":{"line":35,"column":18}}},"fnMap":{"0":{"name":"saveLocal","decl":{"start":{"line":1,"column":16},"end":{"line":1,"column":25}},"loc":{"start":{"line":1,"column":32},"end":{"line":3,"column":1}},"line":1},"1":{"name":"status","decl":{"start":{"line":5,"column":16},"end":{"line":5,"column":22}},"loc":{"start":{"line":5,"column":35},"end":{"line":12,"column":1}},"line":5},"2":{"name":"(anonymous_2)","decl":{"start":{"line":6,"column":15},"end":{"line":6,"column":16}},"loc":{"start":{"line":6,"column":25},"end":{"line":10,"column":3}},"line":6},"3":{"name":"add","decl":{"start":{"line":14,"column":16},"end":{"line":14,"column":19}},"loc":{"start":{"line":14,"column":26},"end":{"line":22,"column":1}},"line":14},"4":{"name":"updateIndex","decl":{"start":{"line":24,"column":16},"end":{"line":24,"column":27}},"loc":{"start":{"line":24,"column":34},"end":{"line":30,"column":1}},"line":24},"5":{"name":"(anonymous_5)","decl":{"start":{"line":26,"column":15},"end":{"line":26,"column":16}},"loc":{"start":{"line":26,"column":25},"end":{"line":29,"column":3}},"line":26},"6":{"name":"removeDone","decl":{"start":{"line":32,"column":16},"end":{"line":32,"column":26}},"loc":{"start":{"line":32,"column":33},"end":{"line":36,"column":1}},"line":32},"7":{"name":"(anonymous_7)","decl":{"start":{"line":33,"column":21},"end":{"line":33,"column":22}},"loc":{"start":{"line":33,"column":31},"end":{"line":33,"column":57}},"line":33}},"branchMap":{"0":{"loc":{"start":{"line":7,"column":4},"end":{"line":9,"column":5}},"type":"if","locations":[{"start":{"line":7,"column":4},"end":{"line":9,"column":5}},{"start":{},"end":{}}],"line":7}},"s":{"0":1,"1":0,"2":0,"3":0,"4":0,"5":1,"6":1,"7":1,"8":0,"9":0,"10":0,"11":0,"12":0,"13":0,"14":0,"15":0},"f":{"0":1,"1":0,"2":0,"3":1,"4":0,"5":0,"6":0,"7":0},"b":{"0":[0,0]},"_coverageSchema":"1a1c01bbd47fc00a2c39e90264f33305004495a9","hash":"d64a5a7bef8eb94a102f11305b085ad569eb1a2e"}
}
