{"D:\\Personal Projects\\Microverse\\To-Do-List\\src\\addItem.js": {"path":"D:\\Personal Projects\\Microverse\\To-Do-List\\src\\addItem.js","statementMap":{"0":{"start":{"line":2,"column":23},"end":{"line":2,"column":57}},"1":{"start":{"line":3,"column":24},"end":{"line":3,"column":69}},"2":{"start":{"line":4,"column":2},"end":{"line":4,"column":54}},"3":{"start":{"line":5,"column":2},"end":{"line":5,"column":66}},"4":{"start":{"line":6,"column":2},"end":{"line":6,"column":26}}},"fnMap":{"0":{"name":"addTodo","decl":{"start":{"line":1,"column":24},"end":{"line":1,"column":31}},"loc":{"start":{"line":1,"column":34},"end":{"line":7,"column":1}},"line":1}},"branchMap":{},"s":{"0":0,"1":0,"2":0,"3":0,"4":0},"f":{"0":0},"b":{},"_coverageSchema":"1a1c01bbd47fc00a2c39e90264f33305004495a9","hash":"2312a3be3774cc4b9071abed0918e2bf5d7c7e5d"}
,"D:\\Personal Projects\\Microverse\\To-Do-List\\src\\removeItem.js": {"path":"D:\\Personal Projects\\Microverse\\To-Do-List\\src\\removeItem.js","statementMap":{"0":{"start":{"line":3,"column":21},"end":{"line":14,"column":1}},"1":{"start":{"line":4,"column":16},"end":{"line":4,"column":62}},"2":{"start":{"line":5,"column":13},"end":{"line":5,"column":44}},"3":{"start":{"line":6,"column":2},"end":{"line":11,"column":5}},"4":{"start":{"line":7,"column":18},"end":{"line":7,"column":49}},"5":{"start":{"line":8,"column":24},"end":{"line":8,"column":60}},"6":{"start":{"line":9,"column":4},"end":{"line":9,"column":23}},"7":{"start":{"line":10,"column":4},"end":{"line":10,"column":340}},"8":{"start":{"line":12,"column":2},"end":{"line":12,"column":34}},"9":{"start":{"line":13,"column":2},"end":{"line":13,"column":27}},"10":{"start":{"line":16,"column":26},"end":{"line":23,"column":1}},"11":{"start":{"line":17,"column":14},"end":{"line":17,"column":60}},"12":{"start":{"line":18,"column":13},"end":{"line":18,"column":44}},"13":{"start":{"line":19,"column":2},"end":{"line":19,"column":52}},"14":{"start":{"line":19,"column":33},"end":{"line":19,"column":50}},"15":{"start":{"line":20,"column":2},"end":{"line":20,"column":20}},"16":{"start":{"line":21,"column":2},"end":{"line":21,"column":17}},"17":{"start":{"line":22,"column":2},"end":{"line":22,"column":40}},"18":{"start":{"line":26,"column":2},"end":{"line":40,"column":5}},"19":{"start":{"line":27,"column":4},"end":{"line":39,"column":5}},"20":{"start":{"line":28,"column":17},"end":{"line":28,"column":53}},"21":{"start":{"line":29,"column":6},"end":{"line":29,"column":21}},"22":{"start":{"line":30,"column":11},"end":{"line":39,"column":5}},"23":{"start":{"line":31,"column":20},"end":{"line":31,"column":62}},"24":{"start":{"line":32,"column":6},"end":{"line":38,"column":9}},"25":{"start":{"line":33,"column":27},"end":{"line":33,"column":54}},"26":{"start":{"line":34,"column":8},"end":{"line":34,"column":95}},"27":{"start":{"line":35,"column":8},"end":{"line":35,"column":80}},"28":{"start":{"line":36,"column":8},"end":{"line":36,"column":57}},"29":{"start":{"line":37,"column":8},"end":{"line":37,"column":46}}},"fnMap":{"0":{"name":"(anonymous_0)","decl":{"start":{"line":3,"column":21},"end":{"line":3,"column":22}},"loc":{"start":{"line":3,"column":27},"end":{"line":14,"column":1}},"line":3},"1":{"name":"(anonymous_1)","decl":{"start":{"line":6,"column":16},"end":{"line":6,"column":17}},"loc":{"start":{"line":6,"column":33},"end":{"line":11,"column":3}},"line":6},"2":{"name":"(anonymous_2)","decl":{"start":{"line":16,"column":26},"end":{"line":16,"column":27}},"loc":{"start":{"line":16,"column":34},"end":{"line":23,"column":1}},"line":16},"3":{"name":"(anonymous_3)","decl":{"start":{"line":19,"column":23},"end":{"line":19,"column":24}},"loc":{"start":{"line":19,"column":33},"end":{"line":19,"column":50}},"line":19},"4":{"name":"addRemoveListner","decl":{"start":{"line":25,"column":16},"end":{"line":25,"column":32}},"loc":{"start":{"line":25,"column":35},"end":{"line":41,"column":1}},"line":25},"5":{"name":"(anonymous_5)","decl":{"start":{"line":26,"column":35},"end":{"line":26,"column":36}},"loc":{"start":{"line":26,"column":42},"end":{"line":40,"column":3}},"line":26},"6":{"name":"(anonymous_6)","decl":{"start":{"line":32,"column":20},"end":{"line":32,"column":21}},"loc":{"start":{"line":32,"column":30},"end":{"line":38,"column":7}},"line":32}},"branchMap":{"0":{"loc":{"start":{"line":4,"column":16},"end":{"line":4,"column":62}},"type":"binary-expr","locations":[{"start":{"line":4,"column":16},"end":{"line":4,"column":56}},{"start":{"line":4,"column":60},"end":{"line":4,"column":62}}],"line":4},"1":{"loc":{"start":{"line":7,"column":18},"end":{"line":7,"column":49}},"type":"cond-expr","locations":[{"start":{"line":7,"column":35},"end":{"line":7,"column":44}},{"start":{"line":7,"column":47},"end":{"line":7,"column":49}}],"line":7},"2":{"loc":{"start":{"line":8,"column":24},"end":{"line":8,"column":60}},"type":"cond-expr","locations":[{"start":{"line":8,"column":41},"end":{"line":8,"column":55}},{"start":{"line":8,"column":58},"end":{"line":8,"column":60}}],"line":8},"3":{"loc":{"start":{"line":17,"column":14},"end":{"line":17,"column":60}},"type":"binary-expr","locations":[{"start":{"line":17,"column":14},"end":{"line":17,"column":54}},{"start":{"line":17,"column":58},"end":{"line":17,"column":60}}],"line":17},"4":{"loc":{"start":{"line":27,"column":4},"end":{"line":39,"column":5}},"type":"if","locations":[{"start":{"line":27,"column":4},"end":{"line":39,"column":5}},{"start":{"line":30,"column":11},"end":{"line":39,"column":5}}],"line":27},"5":{"loc":{"start":{"line":27,"column":8},"end":{"line":27,"column":56}},"type":"binary-expr","locations":[{"start":{"line":27,"column":8},"end":{"line":27,"column":16}},{"start":{"line":27,"column":20},"end":{"line":27,"column":56}}],"line":27},"6":{"loc":{"start":{"line":30,"column":11},"end":{"line":39,"column":5}},"type":"if","locations":[{"start":{"line":30,"column":11},"end":{"line":39,"column":5}},{"start":{},"end":{}}],"line":30},"7":{"loc":{"start":{"line":30,"column":15},"end":{"line":30,"column":63}},"type":"binary-expr","locations":[{"start":{"line":30,"column":15},"end":{"line":30,"column":23}},{"start":{"line":30,"column":27},"end":{"line":30,"column":63}}],"line":30}},"s":{"0":1,"1":0,"2":0,"3":0,"4":0,"5":0,"6":0,"7":0,"8":0,"9":0,"10":1,"11":0,"12":0,"13":0,"14":0,"15":0,"16":0,"17":0,"18":0,"19":0,"20":0,"21":0,"22":0,"23":0,"24":0,"25":0,"26":0,"27":0,"28":0,"29":0},"f":{"0":0,"1":0,"2":0,"3":0,"4":0,"5":0,"6":0},"b":{"0":[0,0],"1":[0,0],"2":[0,0],"3":[0,0],"4":[0,0],"5":[0,0],"6":[0,0],"7":[0,0]},"_coverageSchema":"1a1c01bbd47fc00a2c39e90264f33305004495a9","hash":"4a2bafcab208e467747251efac3d3527f3908107"}
,"D:\\Personal Projects\\Microverse\\To-Do-List\\src\\modules\\status.js": {"path":"D:\\Personal Projects\\Microverse\\To-Do-List\\src\\modules\\status.js","statementMap":{"0":{"start":{"line":3,"column":17},"end":{"line":3,"column":37}},"1":{"start":{"line":4,"column":4},"end":{"line":4,"column":39}},"2":{"start":{"line":8,"column":4},"end":{"line":8,"column":60}},"3":{"start":{"line":10,"column":4},"end":{"line":21,"column":7}},"4":{"start":{"line":11,"column":6},"end":{"line":20,"column":9}},"5":{"start":{"line":12,"column":8},"end":{"line":18,"column":9}},"6":{"start":{"line":13,"column":10},"end":{"line":13,"column":83}},"7":{"start":{"line":14,"column":10},"end":{"line":14,"column":39}},"8":{"start":{"line":16,"column":10},"end":{"line":16,"column":86}},"9":{"start":{"line":17,"column":10},"end":{"line":17,"column":40}},"10":{"start":{"line":19,"column":8},"end":{"line":19,"column":45}},"11":{"start":{"line":25,"column":4},"end":{"line":25,"column":53}},"12":{"start":{"line":26,"column":4},"end":{"line":26,"column":54}},"13":{"start":{"line":27,"column":4},"end":{"line":47,"column":7}},"14":{"start":{"line":28,"column":6},"end":{"line":46,"column":9}},"15":{"start":{"line":29,"column":8},"end":{"line":29,"column":54}},"16":{"start":{"line":30,"column":8},"end":{"line":30,"column":75}},"17":{"start":{"line":31,"column":8},"end":{"line":31,"column":59}},"18":{"start":{"line":32,"column":8},"end":{"line":32,"column":48}},"19":{"start":{"line":34,"column":22},"end":{"line":34,"column":64}},"20":{"start":{"line":36,"column":8},"end":{"line":45,"column":11}},"21":{"start":{"line":37,"column":29},"end":{"line":37,"column":56}},"22":{"start":{"line":39,"column":10},"end":{"line":44,"column":11}},"23":{"start":{"line":40,"column":12},"end":{"line":40,"column":99}},"24":{"start":{"line":41,"column":12},"end":{"line":41,"column":84}},"25":{"start":{"line":42,"column":12},"end":{"line":42,"column":61}},"26":{"start":{"line":43,"column":12},"end":{"line":43,"column":50}}},"fnMap":{"0":{"name":"(anonymous_0)","decl":{"start":{"line":2,"column":2},"end":{"line":2,"column":3}},"loc":{"start":{"line":2,"column":34},"end":{"line":5,"column":3}},"line":2},"1":{"name":"(anonymous_1)","decl":{"start":{"line":7,"column":2},"end":{"line":7,"column":3}},"loc":{"start":{"line":7,"column":28},"end":{"line":22,"column":3}},"line":7},"2":{"name":"(anonymous_2)","decl":{"start":{"line":10,"column":27},"end":{"line":10,"column":28}},"loc":{"start":{"line":10,"column":48},"end":{"line":21,"column":5}},"line":10},"3":{"name":"checked","decl":{"start":{"line":11,"column":51},"end":{"line":11,"column":58}},"loc":{"start":{"line":11,"column":61},"end":{"line":20,"column":7}},"line":11},"4":{"name":"(anonymous_4)","decl":{"start":{"line":24,"column":2},"end":{"line":24,"column":3}},"loc":{"start":{"line":24,"column":22},"end":{"line":48,"column":3}},"line":24},"5":{"name":"(anonymous_5)","decl":{"start":{"line":27,"column":24},"end":{"line":27,"column":25}},"loc":{"start":{"line":27,"column":42},"end":{"line":47,"column":5}},"line":27},"6":{"name":"(anonymous_6)","decl":{"start":{"line":28,"column":38},"end":{"line":28,"column":39}},"loc":{"start":{"line":28,"column":44},"end":{"line":46,"column":7}},"line":28},"7":{"name":"(anonymous_7)","decl":{"start":{"line":36,"column":22},"end":{"line":36,"column":23}},"loc":{"start":{"line":36,"column":32},"end":{"line":45,"column":9}},"line":36}},"branchMap":{"0":{"loc":{"start":{"line":12,"column":8},"end":{"line":18,"column":9}},"type":"if","locations":[{"start":{"line":12,"column":8},"end":{"line":18,"column":9}},{"start":{"line":15,"column":15},"end":{"line":18,"column":9}}],"line":12},"1":{"loc":{"start":{"line":39,"column":10},"end":{"line":44,"column":11}},"type":"if","locations":[{"start":{"line":39,"column":10},"end":{"line":44,"column":11}},{"start":{},"end":{}}],"line":39}},"s":{"0":0,"1":0,"2":0,"3":0,"4":0,"5":0,"6":0,"7":0,"8":0,"9":0,"10":0,"11":0,"12":0,"13":0,"14":0,"15":0,"16":0,"17":0,"18":0,"19":0,"20":0,"21":0,"22":0,"23":0,"24":0,"25":0,"26":0},"f":{"0":0,"1":0,"2":0,"3":0,"4":0,"5":0,"6":0,"7":0},"b":{"0":[0,0],"1":[0,0]},"_coverageSchema":"1a1c01bbd47fc00a2c39e90264f33305004495a9","hash":"513f7ae4c792b476a7f065a59ae9ccf502c1b211"}
}
